mode: set
github.com/bandvov/shop-backend-go/app.go:11.29,16.2 1 0
github.com/bandvov/shop-backend-go/handlers.go:12.66,14.27 1 0
github.com/bandvov/shop-backend-go/handlers.go:14.27,17.3 2 0
github.com/bandvov/shop-backend-go/handlers.go:18.2,24.16 5 0
github.com/bandvov/shop-backend-go/handlers.go:24.16,26.3 1 0
github.com/bandvov/shop-backend-go/handlers.go:28.2,31.16 3 0
github.com/bandvov/shop-backend-go/handlers.go:31.16,34.3 2 0
github.com/bandvov/shop-backend-go/handlers.go:36.2,38.21 2 0
github.com/bandvov/shop-backend-go/handlers.go:38.21,43.3 4 0
github.com/bandvov/shop-backend-go/handlers.go:45.2,47.28 2 0
github.com/bandvov/shop-backend-go/handlers.go:47.28,50.3 2 0
github.com/bandvov/shop-backend-go/handlers.go:52.2,53.16 2 0
github.com/bandvov/shop-backend-go/handlers.go:53.16,56.3 2 0
github.com/bandvov/shop-backend-go/handlers.go:58.2,61.16 3 0
github.com/bandvov/shop-backend-go/handlers.go:61.16,64.3 2 0
github.com/bandvov/shop-backend-go/handlers.go:66.2,69.16 3 0
github.com/bandvov/shop-backend-go/handlers.go:69.16,71.3 1 0
github.com/bandvov/shop-backend-go/handlers.go:73.2,73.33 1 0
github.com/bandvov/shop-backend-go/handlers.go:76.64,83.16 5 1
github.com/bandvov/shop-backend-go/handlers.go:83.16,85.3 1 0
github.com/bandvov/shop-backend-go/handlers.go:87.2,88.16 2 1
github.com/bandvov/shop-backend-go/handlers.go:88.16,90.3 1 0
github.com/bandvov/shop-backend-go/handlers.go:91.2,93.18 2 1
github.com/bandvov/shop-backend-go/handlers.go:93.18,95.91 2 1
github.com/bandvov/shop-backend-go/handlers.go:95.91,97.4 1 0
github.com/bandvov/shop-backend-go/handlers.go:99.3,99.30 1 1
github.com/bandvov/shop-backend-go/handlers.go:101.2,102.20 2 1
github.com/bandvov/shop-backend-go/handlers.go:105.61,107.27 1 1
github.com/bandvov/shop-backend-go/handlers.go:107.27,110.3 2 0
github.com/bandvov/shop-backend-go/handlers.go:111.2,117.16 5 1
github.com/bandvov/shop-backend-go/handlers.go:117.16,119.3 1 0
github.com/bandvov/shop-backend-go/handlers.go:121.2,124.16 3 1
github.com/bandvov/shop-backend-go/handlers.go:124.16,127.3 2 0
github.com/bandvov/shop-backend-go/handlers.go:129.2,131.21 2 1
github.com/bandvov/shop-backend-go/handlers.go:131.21,136.3 4 0
github.com/bandvov/shop-backend-go/handlers.go:138.2,140.28 3 1
github.com/bandvov/shop-backend-go/handlers.go:140.28,143.3 2 0
github.com/bandvov/shop-backend-go/handlers.go:145.2,147.24 2 1
github.com/bandvov/shop-backend-go/handlers.go:147.24,150.3 2 0
github.com/bandvov/shop-backend-go/handlers.go:152.2,158.16 5 1
github.com/bandvov/shop-backend-go/handlers.go:158.16,161.3 2 0
github.com/bandvov/shop-backend-go/handlers.go:163.2,177.14 3 1
github.com/bandvov/shop-backend-go/main.go:14.13,17.16 3 0
github.com/bandvov/shop-backend-go/main.go:17.16,19.3 1 0
github.com/bandvov/shop-backend-go/main.go:20.2,21.16 2 0
github.com/bandvov/shop-backend-go/main.go:21.16,23.3 1 0
github.com/bandvov/shop-backend-go/main.go:25.2,26.16 2 0
github.com/bandvov/shop-backend-go/main.go:26.16,28.3 1 0
github.com/bandvov/shop-backend-go/main.go:30.2,38.42 7 0
github.com/bandvov/shop-backend-go/main.go:38.42,40.3 1 0
github.com/bandvov/shop-backend-go/main.go:40.8,40.23 1 0
github.com/bandvov/shop-backend-go/main.go:40.23,43.3 2 0
github.com/bandvov/shop-backend-go/services.go:12.53,24.16 7 1
github.com/bandvov/shop-backend-go/services.go:24.16,25.36 1 0
github.com/bandvov/shop-backend-go/services.go:25.36,27.4 1 0
github.com/bandvov/shop-backend-go/services.go:28.3,28.17 1 0
github.com/bandvov/shop-backend-go/services.go:30.2,30.13 1 1
github.com/bandvov/shop-backend-go/utils.go:20.31,24.2 3 1
github.com/bandvov/shop-backend-go/utils.go:26.52,38.16 4 1
github.com/bandvov/shop-backend-go/utils.go:38.16,40.3 1 0
github.com/bandvov/shop-backend-go/utils.go:42.2,42.25 1 1
github.com/bandvov/shop-backend-go/utils.go:45.95,47.82 1 0
github.com/bandvov/shop-backend-go/utils.go:47.82,50.17 2 0
github.com/bandvov/shop-backend-go/utils.go:50.17,54.4 3 0
github.com/bandvov/shop-backend-go/utils.go:56.3,56.96 1 0
github.com/bandvov/shop-backend-go/utils.go:56.96,58.11 2 0
github.com/bandvov/shop-backend-go/utils.go:58.11,61.5 2 0
github.com/bandvov/shop-backend-go/utils.go:62.4,62.18 1 0
github.com/bandvov/shop-backend-go/utils.go:64.3,64.17 1 0
github.com/bandvov/shop-backend-go/utils.go:64.17,67.4 2 0
github.com/bandvov/shop-backend-go/utils.go:69.3,69.18 1 0
github.com/bandvov/shop-backend-go/utils.go:69.18,71.4 1 0
github.com/bandvov/shop-backend-go/utils.go:71.9,74.18 3 0
github.com/bandvov/shop-backend-go/utils.go:74.18,76.5 1 0
github.com/bandvov/shop-backend-go/utils.go:81.50,84.13 3 1
github.com/bandvov/shop-backend-go/utils.go:84.13,86.3 1 1
github.com/bandvov/shop-backend-go/utils.go:87.2,87.24 1 0
github.com/bandvov/shop-backend-go/utils.go:89.52,92.2 2 0
github.com/bandvov/shop-backend-go/utils.go:94.52,97.2 2 1
github.com/bandvov/shop-backend-go/utils.go:100.36,104.2 3 0
github.com/bandvov/shop-backend-go/utils.go:107.68,115.36 5 1
github.com/bandvov/shop-backend-go/utils.go:115.36,122.33 5 1
github.com/bandvov/shop-backend-go/utils.go:122.33,123.12 1 0
github.com/bandvov/shop-backend-go/utils.go:125.3,125.39 1 1
github.com/bandvov/shop-backend-go/utils.go:125.39,126.57 1 1
github.com/bandvov/shop-backend-go/utils.go:126.57,128.5 1 1
github.com/bandvov/shop-backend-go/utils.go:132.2,132.25 1 1
